<?xml version="1.0" encoding="utf-8"?><testsuites name="pytest tests"><testsuite name="pytest" errors="0" failures="0" skipped="0" tests="4" time="4.040" timestamp="2026-08-27T14:44:35.554030+00:00" hostname="agent-env-cea0e024-72e5-4929-8e5c-5d6ebd6d7e11"><testcase classname="tests.test_synapselearn_api" name="test_login_and_subject_library" time="0.555" /><testcase classname="tests.test_synapselearn_api" name="test_register_duplicate_is_rejected" time="0.077" /><testcase classname="tests.test_synapselearn_api" name="test_lesson_quiz_and_both_answer_outcomes" time="2.790" /><testcase classname="tests.test_synapselearn_api" name="test_google_demo_login" time="0.077" /></testsuite></testsuites>