<?xml version="1.0" encoding="utf-8"?><testsuites name="pytest tests"><testsuite name="pytest" errors="0" failures="0" skipped="0" tests="6" time="7.333" timestamp="2026-08-27T15:08:26.356738+00:00" hostname="agent-env-cea0e024-72e5-4929-8e5c-5d6ebd6d7e11"><testcase classname="tests.test_synapselearn_api" name="test_login_and_subject_library" time="0.460" /><testcase classname="tests.test_synapselearn_api" name="test_register_duplicate_is_rejected" time="0.125" /><testcase classname="tests.test_synapselearn_api" name="test_lesson_quiz_and_both_answer_outcomes" time="5.407" /><testcase classname="tests.test_synapselearn_api" name="test_google_demo_login" time="0.152" /><testcase classname="tests.test_synapselearn_api" name="test_quiz_has_five_questions_for_math_and_non_math" time="0.367" /><testcase classname="tests.test_synapselearn_api" name="test_history_review_queue_and_progress_insights" time="0.277" /></testsuite></testsuites>